0 info it worked if it ends with ok
1 verbose cli [ 'node', '/usr/local/bin/npm', 'owner', 'ls', 'does_not_exist' ]
2 info using npm@2.10.1
3 info using node@v0.12.4
4 silly mapToRegistry name does_not_exist
5 silly mapToRegistry using default registry
6 silly mapToRegistry registry https://registry.npmjs.org/
7 silly mapToRegistry uri https://registry.npmjs.org/does_not_exist
8 verbose request uri https://registry.npmjs.org/does_not_exist
9 verbose request no auth needed
10 info attempt registry request try #1 at 9:25:59 PM
11 verbose request using bearer token for auth
12 verbose request id 5d24774f93f7dbb3
13 http request GET https://registry.npmjs.org/does_not_exist
14 http 404 https://registry.npmjs.org/does_not_exist
15 verbose headers { 'content-type': 'application/json',
15 verbose headers   'cache-control': 'max-age=0',
15 verbose headers   'content-length': '2',
15 verbose headers   'accept-ranges': 'bytes',
15 verbose headers   date: 'Sun, 27 Dec 2015 15:56:02 GMT',
15 verbose headers   via: '1.1 varnish',
15 verbose headers   connection: 'keep-alive',
15 verbose headers   'x-served-by': 'cache-sin6920-SIN',
15 verbose headers   'x-cache': 'MISS',
15 verbose headers   'x-cache-hits': '0',
15 verbose headers   'x-timer': 'S1451231761.074182,VS0,VE1244' }
16 silly get cb [ 404,
16 silly get   { 'content-type': 'application/json',
16 silly get     'cache-control': 'max-age=0',
16 silly get     'content-length': '2',
16 silly get     'accept-ranges': 'bytes',
16 silly get     date: 'Sun, 27 Dec 2015 15:56:02 GMT',
16 silly get     via: '1.1 varnish',
16 silly get     connection: 'keep-alive',
16 silly get     'x-served-by': 'cache-sin6920-SIN',
16 silly get     'x-cache': 'MISS',
16 silly get     'x-cache-hits': '0',
16 silly get     'x-timer': 'S1451231761.074182,VS0,VE1244' } ]
17 error owner ls Couldn't get owner data does_not_exist
18 verbose stack Error: Registry returned 404 for GET on https://registry.npmjs.org/does_not_exist
18 verbose stack     at CachingRegistryClient.<anonymous> (/usr/local/lib/node_modules/npm/node_modules/npm-registry-client/lib/request.js:239:14)
18 verbose stack     at Request._callback (/usr/local/lib/node_modules/npm/node_modules/npm-registry-client/lib/request.js:170:14)
18 verbose stack     at Request.self.callback (/usr/local/lib/node_modules/npm/node_modules/request/request.js:368:22)
18 verbose stack     at Request.emit (events.js:110:17)
18 verbose stack     at Request.<anonymous> (/usr/local/lib/node_modules/npm/node_modules/request/request.js:1219:14)
18 verbose stack     at Request.emit (events.js:129:20)
18 verbose stack     at IncomingMessage.<anonymous> (/usr/local/lib/node_modules/npm/node_modules/request/request.js:1167:12)
18 verbose stack     at IncomingMessage.emit (events.js:129:20)
18 verbose stack     at _stream_readable.js:908:16
18 verbose stack     at process._tickCallback (node.js:355:11)
19 verbose statusCode 404
20 verbose pkgid does_not_exist
21 verbose cwd /Users/sohamchetan/Documents/jekyll-blog
22 error Darwin 14.5.0
23 error argv "node" "/usr/local/bin/npm" "owner" "ls" "does_not_exist"
24 error node v0.12.4
25 error npm  v2.10.1
26 error code E404
27 error 404 Registry returned 404 for GET on https://registry.npmjs.org/does_not_exist
27 error 404
27 error 404 'does_not_exist' is not in the npm registry.
27 error 404 You should bug the author to publish it (or use the name yourself!)
27 error 404
27 error 404 Note that you can also install from a
27 error 404 tarball, folder, http url, or git url.
28 verbose exit [ 1, true ]
